<?xml version="1.0" encoding="UTF-8"?>
<testng-results skipped="0" failed="0" total="1" passed="1">
  <reporter-output>
  </reporter-output>
  <suite name="Default suite" duration-ms="22866" started-at="2020-02-20T15:32:08Z" finished-at="2020-02-20T15:32:31Z">
    <groups>
    </groups>
    <test name="Default test" duration-ms="22866" started-at="2020-02-20T15:32:08Z" finished-at="2020-02-20T15:32:31Z">
      <class name="com.automation.aws.testing.test.Search_TC">
        <test-method status="PASS" signature="setupReport()[pri:0, instance:com.automation.aws.testing.test.Search_TC@5a39699c]" name="setupReport" is-config="true" duration-ms="544" started-at="2020-02-20T21:02:07Z" finished-at="2020-02-20T21:02:08Z">
          <reporter-output>
          </reporter-output>
        </test-method> <!-- setupReport -->
        <test-method status="PASS" signature="beforeClass()[pri:0, instance:com.automation.aws.testing.test.Search_TC@5a39699c]" name="beforeClass" is-config="true" duration-ms="0" started-at="2020-02-20T21:02:08Z" finished-at="2020-02-20T21:02:08Z">
          <reporter-output>
          </reporter-output>
        </test-method> <!-- beforeClass -->
        <test-method status="PASS" signature="setUp()[pri:0, instance:com.automation.aws.testing.test.Search_TC@5a39699c]" name="setUp" is-config="true" duration-ms="17861" started-at="2020-02-20T21:02:08Z" finished-at="2020-02-20T21:02:26Z">
          <reporter-output>
          </reporter-output>
        </test-method> <!-- setUp -->
        <test-method status="PASS" signature="testCase1()[pri:0, instance:com.automation.aws.testing.test.Search_TC@5a39699c]" name="testCase1" duration-ms="1073" started-at="2020-02-20T21:02:26Z" finished-at="2020-02-20T21:02:27Z">
          <reporter-output>
          </reporter-output>
        </test-method> <!-- testCase1 -->
        <test-method status="PASS" signature="tearDown(org.testng.ITestResult)[pri:0, instance:com.automation.aws.testing.test.Search_TC@5a39699c]" name="tearDown" is-config="true" duration-ms="3914" started-at="2020-02-20T21:02:27Z" finished-at="2020-02-20T21:02:31Z">
          <params>
            <param index="0">
              <value>
                <![CDATA[[TestResult name=testCase1 status=SUCCESS method=Search_TC.testCase1()[pri:0, instance:com.automation.aws.testing.test.Search_TC@5a39699c] output={null}]]]>
              </value>
            </param>
          </params>
          <reporter-output>
          </reporter-output>
        </test-method> <!-- tearDown -->
        <test-method status="PASS" signature="endTest()[pri:0, instance:com.automation.aws.testing.test.Search_TC@5a39699c]" name="endTest" is-config="true" duration-ms="0" started-at="2020-02-20T21:02:31Z" finished-at="2020-02-20T21:02:31Z">
          <reporter-output>
          </reporter-output>
        </test-method> <!-- endTest -->
      </class> <!-- com.automation.aws.testing.test.Search_TC -->
    </test> <!-- Default test -->
  </suite> <!-- Default suite -->
</testng-results>
