<?xml version="1.0" encoding="UTF-8"?>
<testng-results total="1" passed="1" failed="0" skipped="0">
  <reporter-output>
  </reporter-output>
  <suite started-at="2020-05-18T10:39:20Z" name="Default suite" finished-at="2020-05-18T10:39:43Z" duration-ms="22917">
    <groups>
    </groups>
    <test started-at="2020-05-18T10:39:20Z" name="Default test" finished-at="2020-05-18T10:39:43Z" duration-ms="22917">
      <class name="com.automation.aws.testing.test.Keyboard_Keys">
        <test-method is-config="true" signature="setUp()[pri:0, instance:com.automation.aws.testing.test.Keyboard_Keys@404bbcbd]" started-at="2020-05-18T16:09:20Z" name="setUp" finished-at="2020-05-18T16:09:32Z" duration-ms="11971" status="PASS">
          <reporter-output>
          </reporter-output>
        </test-method> <!-- setUp -->
        <test-method signature="test()[pri:0, instance:com.automation.aws.testing.test.Keyboard_Keys@404bbcbd]" started-at="2020-05-18T16:09:32Z" name="test" finished-at="2020-05-18T16:09:41Z" duration-ms="9670" status="PASS">
          <reporter-output>
          </reporter-output>
        </test-method> <!-- test -->
        <test-method is-config="true" signature="tearDown(org.testng.ITestResult)[pri:0, instance:com.automation.aws.testing.test.Keyboard_Keys@404bbcbd]" started-at="2020-05-18T16:09:41Z" name="tearDown" finished-at="2020-05-18T16:09:43Z" duration-ms="1239" status="PASS">
          <params>
            <param index="0">
              <value>
                <![CDATA[[TestResult name=test status=SUCCESS method=Keyboard_Keys.test()[pri:0, instance:com.automation.aws.testing.test.Keyboard_Keys@404bbcbd] output={null}]]]>
              </value>
            </param>
          </params>
          <reporter-output>
          </reporter-output>
        </test-method> <!-- tearDown -->
      </class> <!-- com.automation.aws.testing.test.Keyboard_Keys -->
    </test> <!-- Default test -->
  </suite> <!-- Default suite -->
</testng-results>
